[debug] [2026-07-19T03:44:20.333Z] ----------------------------------------------------------------------
[debug] [2026-07-19T03:44:20.336Z] Command:       C:\Program Files\nodejs\node.exe C:\Users\rou10\AppData\Roaming\npm\node_modules\firebase-tools\lib\bin\firebase.js apps:sdkconfig web --project viejoalarm-app-2026
[debug] [2026-07-19T03:44:20.337Z] CLI Version:   15.23.0
[debug] [2026-07-19T03:44:20.337Z] Platform:      win32
[debug] [2026-07-19T03:44:20.337Z] Node Version:  v25.8.2
[debug] [2026-07-19T03:44:20.337Z] Detected Agent: antigravity
[debug] [2026-07-19T03:44:20.337Z] Time:          Sat Jul 18 2026 23:44:20 GMT-0400 (Chile Standard Time)
[debug] [2026-07-19T03:44:20.337Z] ----------------------------------------------------------------------
[debug] 
[debug] [2026-07-19T03:44:20.350Z] >>> [apiv2][query] GET https://firebase-public.firebaseio.com/cli.json [none]
[debug] [2026-07-19T03:44:20.418Z] > command requires scopes: ["email","openid","https://www.googleapis.com/auth/cloudplatformprojects.readonly","https://www.googleapis.com/auth/firebase","https://www.googleapis.com/auth/cloud-platform"]
[debug] [2026-07-19T03:44:20.418Z] > authorizing via signed-in user (rbustamantea@gmail.com)
[debug] [2026-07-19T03:44:20.419Z] Checked if tokens are valid: false, expires at: 1783720875008
[debug] [2026-07-19T03:44:20.419Z] Checked if tokens are valid: false, expires at: 1783720875008
[debug] [2026-07-19T03:44:20.419Z] > refreshing access token with scopes: []
[debug] [2026-07-19T03:44:20.421Z] >>> [apiv2][query] POST https://www.googleapis.com/oauth2/v3/token [none]
[debug] [2026-07-19T03:44:20.421Z] >>> [apiv2][body] POST https://www.googleapis.com/oauth2/v3/token [omitted]
[debug] [2026-07-19T03:44:20.504Z] <<< [apiv2][status] POST https://www.googleapis.com/oauth2/v3/token 200
[debug] [2026-07-19T03:44:20.505Z] <<< [apiv2][body] POST https://www.googleapis.com/oauth2/v3/token [omitted]
[debug] [2026-07-19T03:44:20.514Z] >>> [apiv2][query] GET https://firebase.googleapis.com/v1beta1/projects/viejoalarm-app-2026/webApps pageSize=100
[debug] [2026-07-19T03:44:20.797Z] <<< [apiv2][status] GET https://firebase-public.firebaseio.com/cli.json 200
[debug] [2026-07-19T03:44:20.797Z] <<< [apiv2][body] GET https://firebase-public.firebaseio.com/cli.json {"cloudBuildErrorAfter":1594252800000,"cloudBuildWarnAfter":1590019200000,"defaultNode10After":1594252800000,"minVersion":"3.0.5","node8DeploysDisabledAfter":1613390400000,"node8RuntimeDisabledAfter":1615809600000,"node8WarnAfter":1600128000000}
[debug] [2026-07-19T03:44:20.844Z] <<< [apiv2][status] GET https://firebase.googleapis.com/v1beta1/projects/viejoalarm-app-2026/webApps 404
[debug] [2026-07-19T03:44:20.844Z] <<< [apiv2][body] GET https://firebase.googleapis.com/v1beta1/projects/viejoalarm-app-2026/webApps {"error":{"code":404,"message":"Firebase project 973418999022 not found.","status":"NOT_FOUND"}}
[debug] [2026-07-19T03:44:20.845Z] Request to https://firebase.googleapis.com/v1beta1/projects/viejoalarm-app-2026/webApps?pageSize=100 had HTTP Error: 404, Firebase project 973418999022 not found.
[debug] [2026-07-19T03:44:20.900Z] FirebaseError: Request to https://firebase.googleapis.com/v1beta1/projects/viejoalarm-app-2026/webApps?pageSize=100 had HTTP Error: 404, Firebase project 973418999022 not found.
    at responseToError (C:\Users\rou10\AppData\Roaming\npm\node_modules\firebase-tools\lib\responseToError.js:53:12)
    at RetryOperation._fn (C:\Users\rou10\AppData\Roaming\npm\node_modules\firebase-tools\lib\apiv2.js:415:77)
    at process.processTicksAndRejections (node:internal/process/task_queues:104:5)
[error] 
[error] Error: Failed to list Firebase WEB apps. See firebase-debug.log for more info.
